#
# A fatal error has been detected by the Java Runtime Environment:
#
#  EXCEPTION_ACCESS_VIOLATION (0xc0000005) at pc=0x00007ffbcf5e3aba, pid=60456, tid=41980
#
# JRE version: Java(TM) SE Runtime Environment (17.0.2+8) (build 17.0.2+8-LTS-86)
# Java VM: Java HotSpot(TM) 64-Bit Server VM (17.0.2+8-LTS-86, mixed mode, sharing, tiered, compressed oops, compressed class ptrs, g1 gc, windows-amd64)
# Problematic frame:
# C  [ntdll.dll+0x33aba]
#
# No core dump will be written. Minidumps are not enabled by default on client versions of Windows
#
# If you would like to submit a bug report, please visit:
#   https://bugreport.java.com/bugreport/crash.jsp
# The crash happened outside the Java Virtual Machine in native code.
# See problematic frame for where to report the bug.
#

---------------  S U M M A R Y ------------

Command Line: -javaagent:C:\Program Files\JetBrains\IntelliJ IDEA Community Edition 2021.3.2\lib\idea_rt.jar=59118:C:\Program Files\JetBrains\IntelliJ IDEA Community Edition 2021.3.2\bin -Dfile.encoding=UTF-8 root.Main

Host: AMD Ryzen 7 4800H with Radeon Graphics         , 16 cores, 31G,  Windows 11 , 64 bit Build 22621 (10.0.22621.2215)
Time: Tue Oct 10 22:32:35 2023  Windows 11 , 64 bit Build 22621 (10.0.22621.2215) elapsed time: 39.435357 seconds (0d 0h 0m 39s)

---------------  T H R E A D  ---------------

Current thread (0x000001913d421d60):  JavaThread "Thread-0" [_thread_in_native, id=41980, stack(0x00000021c4df0000,0x00000021c4ef0000)]

Stack: [0x00000021c4df0000,0x00000021c4ef0000],  sp=0x00000021c4eee620,  free space=1017k
Native frames: (J=compiled Java code, j=interpreted, Vv=VM code, C=native code)
C  [ntdll.dll+0x33aba]
C  [ntdll.dll+0x218d4]
C  [ntdll.dll+0x216c2]
C  0x00007ffba1a2815a

Java frames: (J=compiled Java code, j=interpreted, Vv=VM code)
j  sun.java2d.d3d.D3DSurfaceData.initOps(III)V+0 java.desktop@17.0.2
j  sun.java2d.d3d.D3DSurfaceData.<init>(Lsun/awt/windows/WComponentPeer;Lsun/java2d/d3d/D3DGraphicsConfig;IILjava/awt/Image;Ljava/awt/image/ColorModel;IILsun/java2d/pipe/hw/ExtendedBufferCapabilities$VSyncType;I)V+212 java.desktop@17.0.2
j  sun.java2d.d3d.D3DSurfaceData.createData(Lsun/java2d/d3d/D3DGraphicsConfig;IILjava/awt/image/ColorModel;Ljava/awt/Image;I)Lsun/java2d/d3d/D3DSurfaceData;+70 java.desktop@17.0.2
j  sun.java2d.d3d.D3DGraphicsConfig.createManagedSurface(III)Lsun/java2d/SurfaceData;+10 java.desktop@17.0.2
j  sun.java2d.d3d.D3DSurfaceDataProxy.validateSurfaceData(Lsun/java2d/SurfaceData;Lsun/java2d/SurfaceData;II)Lsun/java2d/SurfaceData;+22 java.desktop@17.0.2
J 2111 c1 sun.java2d.SurfaceDataProxy.replaceData(Lsun/java2d/SurfaceData;ILsun/java2d/loops/CompositeType;Ljava/awt/Color;)Lsun/java2d/SurfaceData; java.desktop@17.0.2 (329 bytes) @ 0x0000019110b44d2c [0x0000019110b444c0+0x000000000000086c]
J 1900 c2 sun.java2d.SurfaceData.getSourceSurfaceData(Ljava/awt/Image;ILsun/java2d/loops/CompositeType;Ljava/awt/Color;)Lsun/java2d/SurfaceData; java.desktop@17.0.2 (110 bytes) @ 0x0000019117c2fc10 [0x0000019117c2f940+0x00000000000002d0]
J 1578 c1 sun.java2d.pipe.DrawImage.renderImageScale(Lsun/java2d/SunGraphics2D;Ljava/awt/Image;Ljava/awt/Color;IIIIIDDDD)Z java.desktop@17.0.2 (158 bytes) @ 0x0000019110a047ac [0x0000019110a04500+0x00000000000002ac]
J 1630 c1 sun.java2d.pipe.DrawImage.tryCopyOrScale(Lsun/java2d/SunGraphics2D;Ljava/awt/Image;IIIILjava/awt/Color;I[D)Z java.desktop@17.0.2 (260 bytes) @ 0x0000019110a1b114 [0x0000019110a1a3e0+0x0000000000000d34]
J 1629 c1 sun.java2d.pipe.DrawImage.transformImage(Lsun/java2d/SunGraphics2D;Ljava/awt/Image;Ljava/awt/geom/AffineTransform;IIIIILjava/awt/Color;)V java.desktop@17.0.2 (124 bytes) @ 0x0000019110a19c4c [0x0000019110a198a0+0x00000000000003ac]
J 2099 c1 sun.java2d.pipe.DrawImage.scaleImage(Lsun/java2d/SunGraphics2D;Ljava/awt/Image;IIIIIIIILjava/awt/Color;)Z java.desktop@17.0.2 (488 bytes) @ 0x0000019110b3b71c [0x0000019110b3a280+0x000000000000149c]
J 2110 c1 sun.java2d.pipe.DrawImage.copyImage(Lsun/java2d/SunGraphics2D;Ljava/awt/Image;IIIIIILjava/awt/Color;)Z java.desktop@17.0.2 (74 bytes) @ 0x0000019110b43214 [0x0000019110b42e60+0x00000000000003b4]
J 2109 c1 sun.java2d.pipe.DrawImage.copyImage(Lsun/java2d/SunGraphics2D;Ljava/awt/Image;IIIIIILjava/awt/Color;Ljava/awt/image/ImageObserver;)Z java.desktop@17.0.2 (91 bytes) @ 0x0000019110b40fec [0x0000019110b40a80+0x000000000000056c]
J 2108 c1 sun.java2d.pipe.ValidatePipe.copyImage(Lsun/java2d/SunGraphics2D;Ljava/awt/Image;IIIIIILjava/awt/Color;Ljava/awt/image/ImageObserver;)Z java.desktop@17.0.2 (37 bytes) @ 0x0000019110b41844 [0x0000019110b41500+0x0000000000000344]
J 2107 c1 sun.java2d.SunGraphics2D.copyImage(Ljava/awt/Image;IIIIIILjava/awt/Color;Ljava/awt/image/ImageObserver;)Z java.desktop@17.0.2 (107 bytes) @ 0x0000019110b4205c [0x0000019110b41ec0+0x000000000000019c]
J 1638 c1 sun.java2d.SunGraphics2D.drawImage(Ljava/awt/Image;IIIILjava/awt/Color;Ljava/awt/image/ImageObserver;)Z java.desktop@17.0.2 (202 bytes) @ 0x0000019110a1f7a4 [0x0000019110a1ef20+0x0000000000000884]
J 1637 c1 sun.java2d.SunGraphics2D.drawImage(Ljava/awt/Image;IIIILjava/awt/image/ImageObserver;)Z java.desktop@17.0.2 (15 bytes) @ 0x0000019110a1d6a4 [0x0000019110a1d620+0x0000000000000084]
J 2105 c1 root.GamePanel.drawToScreen()V (30 bytes) @ 0x0000019110b3fabc [0x0000019110b3f960+0x000000000000015c]
J 1822% c2 root.GamePanel.run()V (89 bytes) @ 0x0000019117c289f0 [0x0000019117c288e0+0x0000000000000110]
j  java.lang.Thread.run()V+11 java.base@17.0.2
v  ~StubRoutines::call_stub

siginfo: EXCEPTION_ACCESS_VIOLATION (0xc0000005), writing address 0x0000000000000024


Register to memory mapping:

RIP=0x00007ffbcf5e3aba ntdll.dll
RAX=0x0 is NULL
RBX=0x0 is NULL
RCX=0x00000191361183e8 points into unknown readable memory: 0x0000000000000000 | 00 00 00 00 00 00 00 00
RDX=0x00000000fffffffa is an unknown value
RSP=0x00000021c4eee620 is pointing into the stack for thread: 0x000001913d421d60
RBP=0x00000021c4eee6c9 is pointing into the stack for thread: 0x000001913d421d60
RSI=0x00000191360f6100 points into unknown readable memory: 0x6e75735f2a68de2b | 2b de 68 2a 5f 73 75 6e
RDI=0x00000191361183e8 points into unknown readable memory: 0x0000000000000000 | 00 00 00 00 00 00 00 00
R8 =0x0 is NULL
R9 =0x0 is NULL
R10=0x0 is NULL
R11=0x0005c6e951cc8300 is an unknown value
R12=0x00000191361183f0 points into unknown readable memory: 0x00000000fffffffa | fa ff ff ff 00 00 00 00
R13=0x0 is NULL
R14=0x0 is NULL
R15=0x00000000fffffffa is an unknown value


Registers:
RAX=0x0000000000000000, RBX=0x0000000000000000, RCX=0x00000191361183e8, RDX=0x00000000fffffffa
RSP=0x00000021c4eee620, RBP=0x00000021c4eee6c9, RSI=0x00000191360f6100, RDI=0x00000191361183e8
R8 =0x0000000000000000, R9 =0x0000000000000000, R10=0x0000000000000000, R11=0x0005c6e951cc8300
R12=0x00000191361183f0, R13=0x0000000000000000, R14=0x0000000000000000, R15=0x00000000fffffffa
RIP=0x00007ffbcf5e3aba, EFLAGS=0x0000000000010213

Top of Stack: (sp=0x00000021c4eee620)
0x00000021c4eee620:   ffffffffffffffff 0000000000000000
0x00000021c4eee630:   000001913d9eada0 000001913d421d01
0x00000021c4eee640:   000001913d1f5f70 000001913566fb30
0x00000021c4eee650:   000001913d421d60 00000000000003d8
0x00000021c4eee660:   000000003d1f6300 0000000000000000
0x00000021c4eee670:   00000191367a9b30 0000000625863380
0x00000021c4eee680:   000001913d421d60 00007ffb5428fb70
0x00000021c4eee690:   0000019100000000 0000019136873700
0x00000021c4eee6a0:   0000000000000000 0000019106550ea0
0x00000021c4eee6b0:   000001913566fb30 00000021c1632000
0x00000021c4eee6c0:   00000021c4eee7a8 00000021c4eee678
0x00000021c4eee6d0:   00000021c4eee6b9 0000000800000005
0x00000021c4eee6e0:   000001913566fb00 0000000000000000
0x00000021c4eee6f0:   0000317e0646aefe 0000fffdcc93c9d5
0x00000021c4eee700:   0000000000000001 00000021c4eee970
0x00000021c4eee710:   00000191361183e8 00000191361183f0 

Instructions: (pc=0x00007ffbcf5e3aba)
0x00007ffbcf5e39ba:   49 8b 0e 49 8b d2 e8 6b ef 06 00 8b d8 3d 02 01
0x00007ffbcf5e39ca:   00 00 0f 84 ef 76 07 00 81 fb 01 01 00 00 0f 45
0x00007ffbcf5e39da:   f3 8b c6 48 8b 5c 24 30 48 8b 6c 24 38 48 8b 74
0x00007ffbcf5e39ea:   24 40 48 8b 7c 24 48 48 83 c4 20 41 5e c3 cc 33
0x00007ffbcf5e39fa:   c0 eb e0 cc cc cc cc cc cc cc cc cc cc cc cc cc
0x00007ffbcf5e3a0a:   cc cc cc cc cc cc 48 89 5c 24 10 48 89 74 24 18
0x00007ffbcf5e3a1a:   48 89 7c 24 20 55 41 54 41 55 41 56 41 57 48 8d
0x00007ffbcf5e3a2a:   6c 24 c9 48 81 ec e0 00 00 00 48 8b 05 f5 8a 16
0x00007ffbcf5e3a3a:   00 48 33 c4 48 89 45 2f 65 48 8b 04 25 30 00 00
0x00007ffbcf5e3a4a:   00 48 8b f9 33 db c6 45 97 00 48 8d 0d 05 a9 14
0x00007ffbcf5e3a5a:   00 48 89 45 ef 89 5d 9b 44 8b fa 48 3b f9 0f 84
0x00007ffbcf5e3a6a:   c2 02 00 00 38 1d 94 09 15 00 0f 85 31 03 00 00
0x00007ffbcf5e3a7a:   39 1d a8 09 15 00 0f 85 f4 02 00 00 38 1d 6c 04
0x00007ffbcf5e3a8a:   15 00 4c 8d 35 6d 04 15 00 4c 0f 45 f3 48 39 5f
0x00007ffbcf5e3a9a:   18 0f 84 5f 02 00 00 48 83 3f ff 0f 84 62 02 00
0x00007ffbcf5e3aaa:   00 48 8b 07 44 8b eb 89 5d 9f 48 83 f8 ff 74 03
0x00007ffbcf5e3aba:   ff 40 24 4c 8b 67 18 48 8d 77 10 4c 89 65 e7 48
0x00007ffbcf5e3aca:   8b de 48 89 5d a7 e8 cb 70 00 00 85 c0 0f 85 13
0x00007ffbcf5e3ada:   76 07 00 48 8b de b9 82 03 fe 7f 48 89 5d a7 80
0x00007ffbcf5e3aea:   39 00 0f 85 1a 76 07 00 49 83 fc ff 0f 85 c5 02
0x00007ffbcf5e3afa:   00 00 4c 8d 4d af 49 83 e1 fc 4c 8d 67 08 4c 89
0x00007ffbcf5e3b0a:   4d df 33 f6 4c 89 65 af c7 45 d7 01 00 00 00 48
0x00007ffbcf5e3b1a:   89 75 c7 48 89 75 bf 48 89 75 cf 65 48 8b 0c 25
0x00007ffbcf5e3b2a:   30 00 00 00 48 8b 41 48 48 89 45 b7 49 8b c4 4c
0x00007ffbcf5e3b3a:   8b 69 60 48 c1 e8 05 49 81 c5 a0 03 00 00 83 e0
0x00007ffbcf5e3b4a:   7f 4c 8d 04 c5 00 00 00 00 4d 03 c5 49 8b 08 48
0x00007ffbcf5e3b5a:   8b d9 48 8d 45 af 83 e3 03 48 8b d1 49 0b d9 48
0x00007ffbcf5e3b6a:   83 e2 fc 48 85 d2 48 89 55 bf 48 0f 45 c6 48 89
0x00007ffbcf5e3b7a:   45 cf 48 8b c3 48 83 c8 02 48 85 d2 48 0f 45 d8
0x00007ffbcf5e3b8a:   48 8b c1 f0 49 0f b1 18 0f 85 90 01 00 00 32 d9
0x00007ffbcf5e3b9a:   f6 c3 02 0f 85 c1 00 00 00 41 8b 04 24 41 3b c7
0x00007ffbcf5e3baa:   0f 85 2f 01 00 00 66 83 3c 25 6a 03 fe 7f 01 76 


Stack slot to memory mapping:
stack at sp + 0 slots: 0xffffffffffffffff is an unknown value
stack at sp + 1 slots: 0x0 is NULL
stack at sp + 2 slots: 0x000001913d9eada0 points into unknown readable memory: 0x0000000000000002 | 02 00 00 00 00 00 00 00
stack at sp + 3 slots: 0x000001913d421d01 points into unknown readable memory: 00 00 00 00 00 00 00
stack at sp + 4 slots: 0x000001913d1f5f70 points into unknown readable memory: 0x00000191413c1544 | 44 15 3c 41 91 01 00 00
stack at sp + 5 slots: {method} {0x000001913566fb38} 'addRecord' '(Ljava/lang/Object;JJ)V' in 'sun/java2d/Disposer'
stack at sp + 6 slots: 0x000001913d421d60 is a thread
stack at sp + 7 slots: 0x00000000000003d8 is an unknown value


---------------  P R O C E S S  ---------------

Threads class SMR info:
_java_thread_list=0x000001913d3a2bc0, length=31, elements={
0x00000191352fde40, 0x00000191352fecb0, 0x0000019135d288b0, 0x0000019135d29460,
0x0000019135d2be20, 0x0000019135d2c7d0, 0x0000019135d2f970, 0x0000019135d39a40,
0x0000019135d460b0, 0x00000191352e81c0, 0x0000019135f5eb50, 0x0000019135f5f020,
0x00000191360bf630, 0x00000191360fe5a0, 0x000001913d5fe6b0, 0x000001913dcecaa0,
0x000001913d41fbb0, 0x000001913d421d60, 0x000001913d422700, 0x000001913d422bd0,
0x000001913d420080, 0x000001913d41f6e0, 0x000001913d420ef0, 0x000001913d420550,
0x000001913d4230a0, 0x000001913d421890, 0x0000019135f49d10, 0x0000019135f48030,
0x0000019135f4ab80, 0x0000019135f4b050, 0x0000019135f45e80
}

Java Threads: ( => current thread )
  0x00000191352fde40 JavaThread "Reference Handler" daemon [_thread_blocked, id=61168, stack(0x00000021c2200000,0x00000021c2300000)]
  0x00000191352fecb0 JavaThread "Finalizer" daemon [_thread_blocked, id=69640, stack(0x00000021c2300000,0x00000021c2400000)]
  0x0000019135d288b0 JavaThread "Signal Dispatcher" daemon [_thread_blocked, id=59148, stack(0x00000021c2400000,0x00000021c2500000)]
  0x0000019135d29460 JavaThread "Attach Listener" daemon [_thread_blocked, id=69956, stack(0x00000021c2500000,0x00000021c2600000)]
  0x0000019135d2be20 JavaThread "Service Thread" daemon [_thread_blocked, id=44488, stack(0x00000021c2600000,0x00000021c2700000)]
  0x0000019135d2c7d0 JavaThread "Monitor Deflation Thread" daemon [_thread_blocked, id=35720, stack(0x00000021c2700000,0x00000021c2800000)]
  0x0000019135d2f970 JavaThread "C2 CompilerThread0" daemon [_thread_blocked, id=68036, stack(0x00000021c2800000,0x00000021c2900000)]
  0x0000019135d39a40 JavaThread "C1 CompilerThread0" daemon [_thread_blocked, id=63408, stack(0x00000021c2900000,0x00000021c2a00000)]
  0x0000019135d460b0 JavaThread "Sweeper thread" daemon [_thread_blocked, id=67092, stack(0x00000021c2a00000,0x00000021c2b00000)]
  0x00000191352e81c0 JavaThread "Common-Cleaner" daemon [_thread_blocked, id=33704, stack(0x00000021c2b00000,0x00000021c2c00000)]
  0x0000019135f5eb50 JavaThread "Monitor Ctrl-Break" daemon [_thread_in_native, id=49272, stack(0x00000021c2d00000,0x00000021c2e00000)]
  0x0000019135f5f020 JavaThread "Notification Thread" daemon [_thread_blocked, id=68944, stack(0x00000021c2e00000,0x00000021c2f00000)]
  0x00000191360bf630 JavaThread "Java2D Disposer" daemon [_thread_blocked, id=70588, stack(0x00000021c3000000,0x00000021c3100000)]
  0x00000191360fe5a0 JavaThread "AWT-Shutdown" [_thread_blocked, id=64056, stack(0x00000021c3100000,0x00000021c3200000)]
  0x000001913d5fe6b0 JavaThread "AWT-EventQueue-0" [_thread_blocked, id=59752, stack(0x00000021c42e0000,0x00000021c43e0000)]
  0x000001913dcecaa0 JavaThread "Java Sound Event Dispatcher" daemon [_thread_blocked, id=12004, stack(0x00000021c48f0000,0x00000021c49f0000)]
  0x000001913d41fbb0 JavaThread "Direct Clip" daemon [_thread_blocked, id=36772, stack(0x00000021c4cf0000,0x00000021c4df0000)]
=>0x000001913d421d60 JavaThread "Thread-0" [_thread_in_native, id=41980, stack(0x00000021c4df0000,0x00000021c4ef0000)]
  0x000001913d422700 JavaThread "DestroyJavaVM" [_thread_blocked, id=66736, stack(0x00000021c1b00000,0x00000021c1c00000)]
  0x000001913d422bd0 JavaThread "Direct Clip" daemon [_thread_blocked, id=58204, stack(0x00000021c4ff0000,0x00000021c50f0000)]
  0x000001913d420080 JavaThread "Direct Clip" daemon [_thread_blocked, id=47160, stack(0x00000021c50f0000,0x00000021c51f0000)]
  0x000001913d41f6e0 JavaThread "Direct Clip" daemon [_thread_blocked, id=1700, stack(0x00000021c41e0000,0x00000021c42e0000)]
  0x000001913d420ef0 JavaThread "Direct Clip" daemon [_thread_blocked, id=44412, stack(0x00000021c45f0000,0x00000021c46f0000)]
  0x000001913d420550 JavaThread "Direct Clip" daemon [_thread_blocked, id=15916, stack(0x00000021c51f0000,0x00000021c52f0000)]
  0x000001913d4230a0 JavaThread "Direct Clip" daemon [_thread_blocked, id=70020, stack(0x00000021c2c00000,0x00000021c2d00000)]
  0x000001913d421890 JavaThread "Direct Clip" daemon [_thread_blocked, id=61004, stack(0x00000021c52f0000,0x00000021c53f0000)]
  0x0000019135f49d10 JavaThread "Direct Clip" daemon [_thread_blocked, id=30000, stack(0x00000021c53f0000,0x00000021c54f0000)]
  0x0000019135f48030 JavaThread "Direct Clip" daemon [_thread_blocked, id=57816, stack(0x00000021c54f0000,0x00000021c55f0000)]
  0x0000019135f4ab80 JavaThread "Direct Clip" daemon [_thread_blocked, id=70420, stack(0x00000021c55f0000,0x00000021c56f0000)]
  0x0000019135f4b050 JavaThread "Direct Clip" daemon [_thread_blocked, id=40424, stack(0x00000021c56f0000,0x00000021c57f0000)]
  0x0000019135f45e80 JavaThread "ToolkitShutdown" daemon [_thread_in_native, id=67452, stack(0x00000021c59f0000,0x00000021c5af0000)]

Other Threads:
  0x00000191352f9e50 VMThread "VM Thread" [stack: 0x00000021c2100000,0x00000021c2200000] [id=53088]
  0x00000191088369b0 WatcherThread [stack: 0x00000021c2f00000,0x00000021c3000000] [id=42900]
  0x00000191087f1ac0 GCTaskThread "GC Thread#0" [stack: 0x00000021c1c00000,0x00000021c1d00000] [id=63372]
  0x000001913d1f8c00 GCTaskThread "GC Thread#1" [stack: 0x00000021c36e0000,0x00000021c37e0000] [id=60580]
  0x000001913d3b49a0 GCTaskThread "GC Thread#2" [stack: 0x00000021c37e0000,0x00000021c38e0000] [id=69648]
  0x000001913d3b4c50 GCTaskThread "GC Thread#3" [stack: 0x00000021c38e0000,0x00000021c39e0000] [id=67156]
  0x000001913d3b5360 GCTaskThread "GC Thread#4" [stack: 0x00000021c39e0000,0x00000021c3ae0000] [id=44132]
  0x000001913d3b6e40 GCTaskThread "GC Thread#5" [stack: 0x00000021c3ae0000,0x00000021c3be0000] [id=58492]
  0x000001913d3b6630 GCTaskThread "GC Thread#6" [stack: 0x00000021c3be0000,0x00000021c3ce0000] [id=5604]
  0x000001913d3b5610 GCTaskThread "GC Thread#7" [stack: 0x00000021c3ce0000,0x00000021c3de0000] [id=70084]
  0x000001913d3b6b90 GCTaskThread "GC Thread#8" [stack: 0x00000021c3de0000,0x00000021c3ee0000] [id=43628]
  0x000001913d3b5e20 GCTaskThread "GC Thread#9" [stack: 0x00000021c3ee0000,0x00000021c3fe0000] [id=55584]
  0x000001913d3b60d0 GCTaskThread "GC Thread#10" [stack: 0x00000021c3fe0000,0x00000021c40e0000] [id=39796]
  0x000001913d3b6380 GCTaskThread "GC Thread#11" [stack: 0x00000021c40e0000,0x00000021c41e0000] [id=58512]
  0x000001913d933db0 GCTaskThread "GC Thread#12" [stack: 0x00000021c44f0000,0x00000021c45f0000] [id=69936]
  0x0000019108802500 ConcurrentGCThread "G1 Main Marker" [stack: 0x00000021c1d00000,0x00000021c1e00000] [id=68692]
  0x0000019108802f10 ConcurrentGCThread "G1 Conc#0" [stack: 0x00000021c1e00000,0x00000021c1f00000] [id=25664]
  0x000001910884e660 ConcurrentGCThread "G1 Refine#0" [stack: 0x00000021c1f00000,0x00000021c2000000] [id=19544]
  0x00000191351b8330 ConcurrentGCThread "G1 Service" [stack: 0x00000021c2000000,0x00000021c2100000] [id=56016]

Threads with active compile tasks:

VM state: not at safepoint (normal execution)

VM Mutex/Monitor currently owned by a thread: None

Heap address: 0x000000060a000000, size: 8032 MB, Compressed Oops mode: Zero based, Oop shift amount: 3

CDS archive(s) mapped at: [0x0000000800000000-0x0000000800bc0000-0x0000000800bc0000), size 12320768, SharedBaseAddress: 0x0000000800000000, ArchiveRelocationMode: 0.
Compressed class space mapped at: 0x0000000800c00000-0x0000000840c00000, reserved size: 1073741824
Narrow klass base: 0x0000000800000000, Narrow klass shift: 0, Narrow klass range: 0x100000000

GC Precious Log:
 CPUs: 16 total, 16 available
 Memory: 32125M
 Large Page Support: Disabled
 NUMA Support: Disabled
 Compressed Oops: Enabled (Zero based)
 Heap Region Size: 4M
 Heap Min Capacity: 8M
 Heap Initial Capacity: 504M
 Heap Max Capacity: 8032M
 Pre-touch: Disabled
 Parallel Workers: 13
 Concurrent Workers: 3
 Concurrent Refinement Workers: 13
 Periodic GC: Disabled

Heap:
 garbage-first heap   total 516096K, used 112914K [0x000000060a000000, 0x0000000800000000)
  region size 4096K, 17 young (69632K), 2 survivors (8192K)
 Metaspace       used 10885K, committed 11136K, reserved 1064960K
  class space    used 1063K, committed 1216K, reserved 1048576K

Heap Regions: E=young(eden), S=young(survivor), O=old, HS=humongous(starts), HC=humongous(continues), CS=collection set, F=free, OA=open archive, CA=closed archive, TAMS=top-at-mark-start (previous, next)
|   0|0x000000060a000000, 0x000000060a244800, 0x000000060a400000| 56%| O|  |TAMS 0x000000060a000000, 0x000000060a000000| Untracked 
|   1|0x000000060a400000, 0x000000060a800000, 0x000000060a800000|100%|HS|  |TAMS 0x000000060a400000, 0x000000060a400000| Complete 
|   2|0x000000060a800000, 0x000000060ac00000, 0x000000060ac00000|100%|HC|  |TAMS 0x000000060a800000, 0x000000060a800000| Complete 
|   3|0x000000060ac00000, 0x000000060b000000, 0x000000060b000000|100%|HS|  |TAMS 0x000000060ac00000, 0x000000060ac00000| Complete 
|   4|0x000000060b000000, 0x000000060b400000, 0x000000060b400000|100%|HC|  |TAMS 0x000000060b000000, 0x000000060b000000| Complete 
|   5|0x000000060b400000, 0x000000060b800000, 0x000000060b800000|100%|HC|  |TAMS 0x000000060b400000, 0x000000060b400000| Complete 
|   6|0x000000060b800000, 0x000000060bc00000, 0x000000060bc00000|100%|HC|  |TAMS 0x000000060b800000, 0x000000060b800000| Complete 
|   7|0x000000060bc00000, 0x000000060c000000, 0x000000060c000000|100%|HC|  |TAMS 0x000000060bc00000, 0x000000060bc00000| Complete 
|   8|0x000000060c000000, 0x000000060c400000, 0x000000060c400000|100%|HS|  |TAMS 0x000000060c000000, 0x000000060c000000| Complete 
|   9|0x000000060c400000, 0x000000060c800000, 0x000000060c800000|100%|HC|  |TAMS 0x000000060c400000, 0x000000060c400000| Complete 
|  10|0x000000060c800000, 0x000000060cc00000, 0x000000060cc00000|100%|HS|  |TAMS 0x000000060c800000, 0x000000060c800000| Complete 
|  11|0x000000060cc00000, 0x000000060d000000, 0x000000060d000000|100%|HC|  |TAMS 0x000000060cc00000, 0x000000060cc00000| Complete 
|  12|0x000000060d000000, 0x000000060d000000, 0x000000060d400000|  0%| F|  |TAMS 0x000000060d000000, 0x000000060d000000| Untracked 
|  13|0x000000060d400000, 0x000000060d400000, 0x000000060d800000|  0%| F|  |TAMS 0x000000060d400000, 0x000000060d400000| Untracked 
|  14|0x000000060d800000, 0x000000060d800000, 0x000000060dc00000|  0%| F|  |TAMS 0x000000060d800000, 0x000000060d800000| Untracked 
|  15|0x000000060dc00000, 0x000000060dc00000, 0x000000060e000000|  0%| F|  |TAMS 0x000000060dc00000, 0x000000060dc00000| Untracked 
|  16|0x000000060e000000, 0x000000060e000000, 0x000000060e400000|  0%| F|  |TAMS 0x000000060e000000, 0x000000060e000000| Untracked 
|  17|0x000000060e400000, 0x000000060e400000, 0x000000060e800000|  0%| F|  |TAMS 0x000000060e400000, 0x000000060e400000| Untracked 
|  18|0x000000060e800000, 0x000000060e800000, 0x000000060ec00000|  0%| F|  |TAMS 0x000000060e800000, 0x000000060e800000| Untracked 
|  19|0x000000060ec00000, 0x000000060ec00000, 0x000000060f000000|  0%| F|  |TAMS 0x000000060ec00000, 0x000000060ec00000| Untracked 
|  20|0x000000060f000000, 0x000000060f000000, 0x000000060f400000|  0%| F|  |TAMS 0x000000060f000000, 0x000000060f000000| Untracked 
|  21|0x000000060f400000, 0x000000060f400000, 0x000000060f800000|  0%| F|  |TAMS 0x000000060f400000, 0x000000060f400000| Untracked 
|  22|0x000000060f800000, 0x000000060f800000, 0x000000060fc00000|  0%| F|  |TAMS 0x000000060f800000, 0x000000060f800000| Untracked 
|  23|0x000000060fc00000, 0x000000060fc00000, 0x0000000610000000|  0%| F|  |TAMS 0x000000060fc00000, 0x000000060fc00000| Untracked 
|  24|0x0000000610000000, 0x0000000610000000, 0x0000000610400000|  0%| F|  |TAMS 0x0000000610000000, 0x0000000610000000| Untracked 
|  25|0x0000000610400000, 0x0000000610400000, 0x0000000610800000|  0%| F|  |TAMS 0x0000000610400000, 0x0000000610400000| Untracked 
|  26|0x0000000610800000, 0x0000000610800000, 0x0000000610c00000|  0%| F|  |TAMS 0x0000000610800000, 0x0000000610800000| Untracked 
|  27|0x0000000610c00000, 0x0000000610c00000, 0x0000000611000000|  0%| F|  |TAMS 0x0000000610c00000, 0x0000000610c00000| Untracked 
|  28|0x0000000611000000, 0x0000000611000000, 0x0000000611400000|  0%| F|  |TAMS 0x0000000611000000, 0x0000000611000000| Untracked 
|  29|0x0000000611400000, 0x0000000611400000, 0x0000000611800000|  0%| F|  |TAMS 0x0000000611400000, 0x0000000611400000| Untracked 
|  30|0x0000000611800000, 0x0000000611800000, 0x0000000611c00000|  0%| F|  |TAMS 0x0000000611800000, 0x0000000611800000| Untracked 
|  31|0x0000000611c00000, 0x0000000611c00000, 0x0000000612000000|  0%| F|  |TAMS 0x0000000611c00000, 0x0000000611c00000| Untracked 
|  32|0x0000000612000000, 0x0000000612000000, 0x0000000612400000|  0%| F|  |TAMS 0x0000000612000000, 0x0000000612000000| Untracked 
|  33|0x0000000612400000, 0x0000000612400000, 0x0000000612800000|  0%| F|  |TAMS 0x0000000612400000, 0x0000000612400000| Untracked 
|  34|0x0000000612800000, 0x0000000612800000, 0x0000000612c00000|  0%| F|  |TAMS 0x0000000612800000, 0x0000000612800000| Untracked 
|  35|0x0000000612c00000, 0x0000000612c00000, 0x0000000613000000|  0%| F|  |TAMS 0x0000000612c00000, 0x0000000612c00000| Untracked 
|  36|0x0000000613000000, 0x0000000613000000, 0x0000000613400000|  0%| F|  |TAMS 0x0000000613000000, 0x0000000613000000| Untracked 
|  37|0x0000000613400000, 0x0000000613400000, 0x0000000613800000|  0%| F|  |TAMS 0x0000000613400000, 0x0000000613400000| Untracked 
|  38|0x0000000613800000, 0x0000000613800000, 0x0000000613c00000|  0%| F|  |TAMS 0x0000000613800000, 0x0000000613800000| Untracked 
|  39|0x0000000613c00000, 0x0000000613c00000, 0x0000000614000000|  0%| F|  |TAMS 0x0000000613c00000, 0x0000000613c00000| Untracked 
|  40|0x0000000614000000, 0x0000000614000000, 0x0000000614400000|  0%| F|  |TAMS 0x0000000614000000, 0x0000000614000000| Untracked 
|  41|0x0000000614400000, 0x0000000614400000, 0x0000000614800000|  0%| F|  |TAMS 0x0000000614400000, 0x0000000614400000| Untracked 
|  42|0x0000000614800000, 0x0000000614800000, 0x0000000614c00000|  0%| F|  |TAMS 0x0000000614800000, 0x0000000614800000| Untracked 
|  43|0x0000000614c00000, 0x0000000614c00000, 0x0000000615000000|  0%| F|  |TAMS 0x0000000614c00000, 0x0000000614c00000| Untracked 
|  44|0x0000000615000000, 0x0000000615000000, 0x0000000615400000|  0%| F|  |TAMS 0x0000000615000000, 0x0000000615000000| Untracked 
|  45|0x0000000615400000, 0x0000000615400000, 0x0000000615800000|  0%| F|  |TAMS 0x0000000615400000, 0x0000000615400000| Untracked 
|  46|0x0000000615800000, 0x0000000615800000, 0x0000000615c00000|  0%| F|  |TAMS 0x0000000615800000, 0x0000000615800000| Untracked 
|  47|0x0000000615c00000, 0x0000000615c00000, 0x0000000616000000|  0%| F|  |TAMS 0x0000000615c00000, 0x0000000615c00000| Untracked 
|  48|0x0000000616000000, 0x0000000616000000, 0x0000000616400000|  0%| F|  |TAMS 0x0000000616000000, 0x0000000616000000| Untracked 
|  49|0x0000000616400000, 0x0000000616400000, 0x0000000616800000|  0%| F|  |TAMS 0x0000000616400000, 0x0000000616400000| Untracked 
|  50|0x0000000616800000, 0x0000000616800000, 0x0000000616c00000|  0%| F|  |TAMS 0x0000000616800000, 0x0000000616800000| Untracked 
|  51|0x0000000616c00000, 0x0000000616c00000, 0x0000000617000000|  0%| F|  |TAMS 0x0000000616c00000, 0x0000000616c00000| Untracked 
|  52|0x0000000617000000, 0x0000000617000000, 0x0000000617400000|  0%| F|  |TAMS 0x0000000617000000, 0x0000000617000000| Untracked 
|  53|0x0000000617400000, 0x0000000617400000, 0x0000000617800000|  0%| F|  |TAMS 0x0000000617400000, 0x0000000617400000| Untracked 
|  54|0x0000000617800000, 0x0000000617800000, 0x0000000617c00000|  0%| F|  |TAMS 0x0000000617800000, 0x0000000617800000| Untracked 
|  55|0x0000000617c00000, 0x0000000617c00000, 0x0000000618000000|  0%| F|  |TAMS 0x0000000617c00000, 0x0000000617c00000| Untracked 
|  56|0x0000000618000000, 0x0000000618000000, 0x0000000618400000|  0%| F|  |TAMS 0x0000000618000000, 0x0000000618000000| Untracked 
|  57|0x0000000618400000, 0x0000000618400000, 0x0000000618800000|  0%| F|  |TAMS 0x0000000618400000, 0x0000000618400000| Untracked 
|  58|0x0000000618800000, 0x0000000618800000, 0x0000000618c00000|  0%| F|  |TAMS 0x0000000618800000, 0x0000000618800000| Untracked 
|  59|0x0000000618c00000, 0x0000000618c00000, 0x0000000619000000|  0%| F|  |TAMS 0x0000000618c00000, 0x0000000618c00000| Untracked 
|  60|0x0000000619000000, 0x0000000619000000, 0x0000000619400000|  0%| F|  |TAMS 0x0000000619000000, 0x0000000619000000| Untracked 
|  61|0x0000000619400000, 0x0000000619400000, 0x0000000619800000|  0%| F|  |TAMS 0x0000000619400000, 0x0000000619400000| Untracked 
|  62|0x0000000619800000, 0x0000000619800000, 0x0000000619c00000|  0%| F|  |TAMS 0x0000000619800000, 0x0000000619800000| Untracked 
|  63|0x0000000619c00000, 0x0000000619c00000, 0x000000061a000000|  0%| F|  |TAMS 0x0000000619c00000, 0x0000000619c00000| Untracked 
|  64|0x000000061a000000, 0x000000061a000000, 0x000000061a400000|  0%| F|  |TAMS 0x000000061a000000, 0x000000061a000000| Untracked 
|  65|0x000000061a400000, 0x000000061a400000, 0x000000061a800000|  0%| F|  |TAMS 0x000000061a400000, 0x000000061a400000| Untracked 
|  66|0x000000061a800000, 0x000000061a800000, 0x000000061ac00000|  0%| F|  |TAMS 0x000000061a800000, 0x000000061a800000| Untracked 
|  67|0x000000061ac00000, 0x000000061ac00000, 0x000000061b000000|  0%| F|  |TAMS 0x000000061ac00000, 0x000000061ac00000| Untracked 
|  68|0x000000061b000000, 0x000000061b000000, 0x000000061b400000|  0%| F|  |TAMS 0x000000061b000000, 0x000000061b000000| Untracked 
|  69|0x000000061b400000, 0x000000061b400000, 0x000000061b800000|  0%| F|  |TAMS 0x000000061b400000, 0x000000061b400000| Untracked 
|  70|0x000000061b800000, 0x000000061b800000, 0x000000061bc00000|  0%| F|  |TAMS 0x000000061b800000, 0x000000061b800000| Untracked 
|  71|0x000000061bc00000, 0x000000061bc00000, 0x000000061c000000|  0%| F|  |TAMS 0x000000061bc00000, 0x000000061bc00000| Untracked 
|  72|0x000000061c000000, 0x000000061c000000, 0x000000061c400000|  0%| F|  |TAMS 0x000000061c000000, 0x000000061c000000| Untracked 
|  73|0x000000061c400000, 0x000000061c400000, 0x000000061c800000|  0%| F|  |TAMS 0x000000061c400000, 0x000000061c400000| Untracked 
|  74|0x000000061c800000, 0x000000061c800000, 0x000000061cc00000|  0%| F|  |TAMS 0x000000061c800000, 0x000000061c800000| Untracked 
|  75|0x000000061cc00000, 0x000000061cc00000, 0x000000061d000000|  0%| F|  |TAMS 0x000000061cc00000, 0x000000061cc00000| Untracked 
|  76|0x000000061d000000, 0x000000061d000000, 0x000000061d400000|  0%| F|  |TAMS 0x000000061d000000, 0x000000061d000000| Untracked 
|  77|0x000000061d400000, 0x000000061d400000, 0x000000061d800000|  0%| F|  |TAMS 0x000000061d400000, 0x000000061d400000| Untracked 
|  78|0x000000061d800000, 0x000000061d800000, 0x000000061dc00000|  0%| F|  |TAMS 0x000000061d800000, 0x000000061d800000| Untracked 
|  79|0x000000061dc00000, 0x000000061dc00000, 0x000000061e000000|  0%| F|  |TAMS 0x000000061dc00000, 0x000000061dc00000| Untracked 
|  80|0x000000061e000000, 0x000000061e000000, 0x000000061e400000|  0%| F|  |TAMS 0x000000061e000000, 0x000000061e000000| Untracked 
|  81|0x000000061e400000, 0x000000061e400000, 0x000000061e800000|  0%| F|  |TAMS 0x000000061e400000, 0x000000061e400000| Untracked 
|  82|0x000000061e800000, 0x000000061e800000, 0x000000061ec00000|  0%| F|  |TAMS 0x000000061e800000, 0x000000061e800000| Untracked 
|  83|0x000000061ec00000, 0x000000061ec00000, 0x000000061f000000|  0%| F|  |TAMS 0x000000061ec00000, 0x000000061ec00000| Untracked 
|  84|0x000000061f000000, 0x000000061f000000, 0x000000061f400000|  0%| F|  |TAMS 0x000000061f000000, 0x000000061f000000| Untracked 
|  85|0x000000061f400000, 0x000000061f400000, 0x000000061f800000|  0%| F|  |TAMS 0x000000061f400000, 0x000000061f400000| Untracked 
|  86|0x000000061f800000, 0x000000061f800000, 0x000000061fc00000|  0%| F|  |TAMS 0x000000061f800000, 0x000000061f800000| Untracked 
|  87|0x000000061fc00000, 0x000000061fc00000, 0x0000000620000000|  0%| F|  |TAMS 0x000000061fc00000, 0x000000061fc00000| Untracked 
|  88|0x0000000620000000, 0x0000000620000000, 0x0000000620400000|  0%| F|  |TAMS 0x0000000620000000, 0x0000000620000000| Untracked 
|  89|0x0000000620400000, 0x0000000620400000, 0x0000000620800000|  0%| F|  |TAMS 0x0000000620400000, 0x0000000620400000| Untracked 
|  90|0x0000000620800000, 0x0000000620800000, 0x0000000620c00000|  0%| F|  |TAMS 0x0000000620800000, 0x0000000620800000| Untracked 
|  91|0x0000000620c00000, 0x0000000620c00000, 0x0000000621000000|  0%| F|  |TAMS 0x0000000620c00000, 0x0000000620c00000| Untracked 
|  92|0x0000000621000000, 0x0000000621000000, 0x0000000621400000|  0%| F|  |TAMS 0x0000000621000000, 0x0000000621000000| Untracked 
|  93|0x0000000621400000, 0x0000000621400000, 0x0000000621800000|  0%| F|  |TAMS 0x0000000621400000, 0x0000000621400000| Untracked 
|  94|0x0000000621800000, 0x0000000621800000, 0x0000000621c00000|  0%| F|  |TAMS 0x0000000621800000, 0x0000000621800000| Untracked 
|  95|0x0000000621c00000, 0x0000000621c00000, 0x0000000622000000|  0%| F|  |TAMS 0x0000000621c00000, 0x0000000621c00000| Untracked 
|  96|0x0000000622000000, 0x0000000622000000, 0x0000000622400000|  0%| F|  |TAMS 0x0000000622000000, 0x0000000622000000| Untracked 
|  97|0x0000000622400000, 0x0000000622400000, 0x0000000622800000|  0%| F|  |TAMS 0x0000000622400000, 0x0000000622400000| Untracked 
|  98|0x0000000622800000, 0x0000000622800000, 0x0000000622c00000|  0%| F|  |TAMS 0x0000000622800000, 0x0000000622800000| Untracked 
|  99|0x0000000622c00000, 0x0000000622c00000, 0x0000000623000000|  0%| F|  |TAMS 0x0000000622c00000, 0x0000000622c00000| Untracked 
| 100|0x0000000623000000, 0x0000000623000000, 0x0000000623400000|  0%| F|  |TAMS 0x0000000623000000, 0x0000000623000000| Untracked 
| 101|0x0000000623400000, 0x0000000623400000, 0x0000000623800000|  0%| F|  |TAMS 0x0000000623400000, 0x0000000623400000| Untracked 
| 102|0x0000000623800000, 0x0000000623800000, 0x0000000623c00000|  0%| F|  |TAMS 0x0000000623800000, 0x0000000623800000| Untracked 
| 103|0x0000000623c00000, 0x0000000623c00000, 0x0000000624000000|  0%| F|  |TAMS 0x0000000623c00000, 0x0000000623c00000| Untracked 
| 104|0x0000000624000000, 0x0000000624000000, 0x0000000624400000|  0%| F|  |TAMS 0x0000000624000000, 0x0000000624000000| Untracked 
| 105|0x0000000624400000, 0x0000000624400000, 0x0000000624800000|  0%| F|  |TAMS 0x0000000624400000, 0x0000000624400000| Untracked 
| 106|0x0000000624800000, 0x0000000624800000, 0x0000000624c00000|  0%| F|  |TAMS 0x0000000624800000, 0x0000000624800000| Untracked 
| 107|0x0000000624c00000, 0x0000000624c00000, 0x0000000625000000|  0%| F|  |TAMS 0x0000000624c00000, 0x0000000624c00000| Untracked 
| 108|0x0000000625000000, 0x0000000625000000, 0x0000000625400000|  0%| F|  |TAMS 0x0000000625000000, 0x0000000625000000| Untracked 
| 109|0x0000000625400000, 0x0000000625400800, 0x0000000625800000|  0%| E|  |TAMS 0x0000000625400000, 0x0000000625400000| Complete 
| 110|0x0000000625800000, 0x0000000625c00000, 0x0000000625c00000|100%| E|CS|TAMS 0x0000000625800000, 0x0000000625800000| Complete 
| 111|0x0000000625c00000, 0x0000000626000000, 0x0000000626000000|100%| E|CS|TAMS 0x0000000625c00000, 0x0000000625c00000| Complete 
| 112|0x0000000626000000, 0x0000000626400000, 0x0000000626400000|100%| E|CS|TAMS 0x0000000626000000, 0x0000000626000000| Complete 
| 113|0x0000000626400000, 0x0000000626800000, 0x0000000626800000|100%| E|CS|TAMS 0x0000000626400000, 0x0000000626400000| Complete 
| 114|0x0000000626800000, 0x0000000626c00000, 0x0000000626c00000|100%| E|CS|TAMS 0x0000000626800000, 0x0000000626800000| Complete 
| 115|0x0000000626c00000, 0x0000000627000000, 0x0000000627000000|100%| S|CS|TAMS 0x0000000626c00000, 0x0000000626c00000| Complete 
| 116|0x0000000627000000, 0x0000000627400000, 0x0000000627400000|100%| S|CS|TAMS 0x0000000627000000, 0x0000000627000000| Complete 
| 117|0x0000000627400000, 0x0000000627800000, 0x0000000627800000|100%| E|CS|TAMS 0x0000000627400000, 0x0000000627400000| Complete 
| 118|0x0000000627800000, 0x0000000627c00000, 0x0000000627c00000|100%| E|CS|TAMS 0x0000000627800000, 0x0000000627800000| Complete 
| 119|0x0000000627c00000, 0x0000000628000000, 0x0000000628000000|100%| E|CS|TAMS 0x0000000627c00000, 0x0000000627c00000| Complete 
| 120|0x0000000628000000, 0x0000000628400000, 0x0000000628400000|100%| E|CS|TAMS 0x0000000628000000, 0x0000000628000000| Complete 
| 121|0x0000000628400000, 0x0000000628800000, 0x0000000628800000|100%| E|CS|TAMS 0x0000000628400000, 0x0000000628400000| Complete 
| 122|0x0000000628800000, 0x0000000628c00000, 0x0000000628c00000|100%| E|CS|TAMS 0x0000000628800000, 0x0000000628800000| Complete 
| 123|0x0000000628c00000, 0x0000000629000000, 0x0000000629000000|100%| E|CS|TAMS 0x0000000628c00000, 0x0000000628c00000| Complete 
| 124|0x0000000629000000, 0x0000000629400000, 0x0000000629400000|100%| E|CS|TAMS 0x0000000629000000, 0x0000000629000000| Complete 
| 125|0x0000000629400000, 0x0000000629800000, 0x0000000629800000|100%| E|CS|TAMS 0x0000000629400000, 0x0000000629400000| Complete 

Card table byte_map: [0x0000019120810000,0x00000191217c0000] _byte_map_base: 0x000001911d7c0000

Marking Bits (Prev, Next): (CMBitMap*) 0x00000191087f20d0, (CMBitMap*) 0x00000191087f2110
 Prev Bits: [0x0000019122770000, 0x000001912a4f0000)
 Next Bits: [0x000001912a4f0000, 0x0000019132270000)

Polling page: 0x0000019107f50000

Metaspace:

Usage:
  Non-class:      9.59 MB used.
      Class:      1.04 MB used.
       Both:     10.63 MB used.

Virtual space:
  Non-class space:       16.00 MB reserved,       9.69 MB ( 61%) committed,  2 nodes.
      Class space:        1.00 GB reserved,       1.19 MB ( <1%) committed,  1 nodes.
             Both:        1.02 GB reserved,      10.88 MB (  1%) committed. 

Chunk freelists:
   Non-Class:  2.13 MB
       Class:  2.75 MB
        Both:  4.88 MB

MaxMetaspaceSize: unlimited
CompressedClassSpaceSize: 1.00 GB
Initial GC threshold: 21.00 MB
Current GC threshold: 21.00 MB
CDS: on
MetaspaceReclaimPolicy: balanced
 - commit_granule_bytes: 65536.
 - commit_granule_words: 8192.
 - virtual_space_node_default_size: 1048576.
 - enlarge_chunks_in_place: 1.
 - new_chunks_are_fully_committed: 0.
 - uncommit_free_chunks: 1.
 - use_allocation_guard: 0.
 - handle_deallocations: 1.


Internal statistics:

num_allocs_failed_limit: 0.
num_arena_births: 140.
num_arena_deaths: 0.
num_vsnodes_births: 3.
num_vsnodes_deaths: 0.
num_space_committed: 174.
num_space_uncommitted: 0.
num_chunks_returned_to_freelist: 0.
num_chunks_taken_from_freelist: 231.
num_chunk_merges: 0.
num_chunk_splits: 127.
num_chunks_enlarged: 50.
num_purges: 0.
num_inconsistent_stats: 0.

CodeHeap 'non-profiled nmethods': size=119168Kb used=1402Kb max_used=1402Kb free=117765Kb
 bounds [0x0000019117b70000, 0x0000019117de0000, 0x000001911efd0000]
CodeHeap 'profiled nmethods': size=119104Kb used=5827Kb max_used=5827Kb free=113277Kb
 bounds [0x0000019110720000, 0x0000019110ce0000, 0x0000019117b70000]
CodeHeap 'non-nmethods': size=7488Kb used=1310Kb max_used=3012Kb free=6178Kb
 bounds [0x000001910ffd0000, 0x00000191102d0000, 0x0000019110720000]
 total_blobs=3438 nmethods=2793 adapters=557
 compilation: enabled
              stopped_count=0, restarted_count=0
 full_count=0

Compilation events (20 events):
Event: 34.725 Thread 0x0000019135da4f90 2787   !   3       java.util.concurrent.locks.AbstractQueuedSynchronizer$ConditionObject::await (183 bytes)
Event: 34.725 Thread 0x0000019135d39a40 2786   !   3       sun.awt.AWTAutoShutdown::notifyThreadFree (74 bytes)
Event: 34.726 Thread 0x0000019135d39a40 nmethod 2786 0x0000019110cc8710 code [0x0000019110cc8900, 0x0000019110cc8de8]
Event: 34.727 Thread 0x0000019135da4f90 nmethod 2787 0x0000019110cc9090 code [0x0000019110cc93e0, 0x0000019110cca938]
Event: 37.621 Thread 0x0000019135d2f970 2788       4       sun.java2d.SunGraphics2D::validateBasicStroke (332 bytes)
Event: 37.624 Thread 0x0000019135d2f970 nmethod 2788 0x0000019117ccdf90 code [0x0000019117cce180, 0x0000019117cce3e8]
Event: 37.695 Thread 0x0000019135d39a40 2789       3       root.CollisionChecker::checkTile (744 bytes)
Event: 37.697 Thread 0x0000019135d39a40 nmethod 2789 0x0000019110ccb190 code [0x0000019110ccb560, 0x0000019110cccf88]
Event: 38.798 Thread 0x0000019135d39a40 2790       3       java.awt.Component::inside (30 bytes)
Event: 38.798 Thread 0x0000019135d39a40 nmethod 2790 0x0000019110ccdf90 code [0x0000019110cce120, 0x0000019110cce338]
Event: 38.808 Thread 0x0000019135d39a40 2791       3       javax.swing.JComponent::contains (27 bytes)
Event: 38.809 Thread 0x0000019135d39a40 nmethod 2791 0x0000019110cce410 code [0x0000019110cce5e0, 0x0000019110ccec78]
Event: 38.878 Thread 0x0000019135d39a40 2792       3       java.awt.Component::isLightweight (8 bytes)
Event: 38.878 Thread 0x0000019135d39a40 nmethod 2792 0x0000019110ccee10 code [0x0000019110ccefa0, 0x0000019110ccf1d8]
Event: 38.891 Thread 0x0000019135d39a40 2793       3       java.awt.Container::findComponentAtImpl (161 bytes)
Event: 38.892 Thread 0x0000019135d39a40 nmethod 2793 0x0000019110ccf290 code [0x0000019110ccf4e0, 0x0000019110cd01a8]
Event: 38.938 Thread 0x0000019135d39a40 2794       3       java.awt.Component::getCursor_NoClientCode (30 bytes)
Event: 38.938 Thread 0x0000019135d39a40 nmethod 2794 0x0000019110cd0510 code [0x0000019110cd0700, 0x0000019110cd0aa8]
Event: 39.090 Thread 0x0000019135d2f970 2795       4       java.awt.geom.AffineTransform::updateState (230 bytes)
Event: 39.091 Thread 0x0000019135d2f970 nmethod 2795 0x0000019117cce710 code [0x0000019117cce8c0, 0x0000019117cceab8]

GC Heap History (4 events):
Event: 0.614 GC heap before
{Heap before GC invocations=0 (full 0):
 garbage-first heap   total 516096K, used 24576K [0x000000060a000000, 0x0000000800000000)
  region size 4096K, 6 young (24576K), 0 survivors (0K)
 Metaspace       used 6379K, committed 6592K, reserved 1056768K
  class space    used 648K, committed 768K, reserved 1048576K
}
Event: 0.617 GC heap after
{Heap after GC invocations=1 (full 0):
 garbage-first heap   total 516096K, used 3199K [0x000000060a000000, 0x0000000800000000)
  region size 4096K, 1 young (4096K), 1 survivors (4096K)
 Metaspace       used 6379K, committed 6592K, reserved 1056768K
  class space    used 648K, committed 768K, reserved 1048576K
}
Event: 1.317 GC heap before
{Heap before GC invocations=1 (full 0):
 garbage-first heap   total 516096K, used 31871K [0x000000060a000000, 0x0000000800000000)
  region size 4096K, 9 young (36864K), 1 survivors (4096K)
 Metaspace       used 8878K, committed 9088K, reserved 1056768K
  class space    used 928K, committed 1024K, reserved 1048576K
}
Event: 1.321 GC heap after
{Heap after GC invocations=2 (full 0):
 garbage-first heap   total 516096K, used 10514K [0x000000060a000000, 0x0000000800000000)
  region size 4096K, 2 young (8192K), 2 survivors (8192K)
 Metaspace       used 8878K, committed 9088K, reserved 1056768K
  class space    used 928K, committed 1024K, reserved 1048576K
}

Deoptimization events (20 events):
Event: 34.156 Thread 0x000001913d421d60 DEOPT PACKING pc=0x0000019110cc6852 sp=0x00000021c4eeee70
Event: 34.156 Thread 0x000001913d421d60 DEOPT UNPACKING pc=0x0000019110022b43 sp=0x00000021c4eee248 mode 0
Event: 34.157 Thread 0x000001913d421d60 DEOPT PACKING pc=0x0000019110cc6852 sp=0x00000021c4eeee70
Event: 34.157 Thread 0x000001913d421d60 DEOPT UNPACKING pc=0x0000019110022b43 sp=0x00000021c4eee248 mode 0
Event: 34.157 Thread 0x000001913d421d60 DEOPT PACKING pc=0x0000019110cc6852 sp=0x00000021c4eeee70
Event: 34.157 Thread 0x000001913d421d60 DEOPT UNPACKING pc=0x0000019110022b43 sp=0x00000021c4eee248 mode 0
Event: 34.158 Thread 0x000001913d421d60 DEOPT PACKING pc=0x0000019110cc6852 sp=0x00000021c4eeee70
Event: 34.158 Thread 0x000001913d421d60 DEOPT UNPACKING pc=0x0000019110022b43 sp=0x00000021c4eee248 mode 0
Event: 34.158 Thread 0x000001913d421d60 DEOPT PACKING pc=0x0000019110cc6852 sp=0x00000021c4eeee70
Event: 34.158 Thread 0x000001913d421d60 DEOPT UNPACKING pc=0x0000019110022b43 sp=0x00000021c4eee248 mode 0
Event: 34.159 Thread 0x000001913d421d60 DEOPT PACKING pc=0x0000019110cc6852 sp=0x00000021c4eeee70
Event: 34.159 Thread 0x000001913d421d60 DEOPT UNPACKING pc=0x0000019110022b43 sp=0x00000021c4eee248 mode 0
Event: 34.159 Thread 0x000001913d421d60 DEOPT PACKING pc=0x0000019110cc6852 sp=0x00000021c4eeee70
Event: 34.159 Thread 0x000001913d421d60 DEOPT UNPACKING pc=0x0000019110022b43 sp=0x00000021c4eee248 mode 0
Event: 34.159 Thread 0x000001913d421d60 DEOPT PACKING pc=0x0000019110cc6852 sp=0x00000021c4eeee70
Event: 34.159 Thread 0x000001913d421d60 DEOPT UNPACKING pc=0x0000019110022b43 sp=0x00000021c4eee248 mode 0
Event: 37.445 Thread 0x000001913d421d60 Uncommon trap: trap_request=0xffffff45 fr.pc=0x0000019117c765fc relative=0x000000000000053c
Event: 37.445 Thread 0x000001913d421d60 Uncommon trap: reason=unstable_if action=reinterpret pc=0x0000019117c765fc method=root.CollisionChecker.checkTile(Lentities/Entity;)V @ 618 c2
Event: 37.445 Thread 0x000001913d421d60 DEOPT PACKING pc=0x0000019117c765fc sp=0x00000021c4eef560
Event: 37.445 Thread 0x000001913d421d60 DEOPT UNPACKING pc=0x00000191100223a3 sp=0x00000021c4eef4c0 mode 2

Classes unloaded (0 events):
No events

Classes redefined (0 events):
No events

Internal exceptions (15 events):
Event: 0.071 Thread 0x0000019135f5eb50 Exception <a 'java/lang/NoSuchMethodError'{0x00000006296e5db8}: 'java.lang.Object java.lang.invoke.DirectMethodHandle$Holder.invokeStaticInit(java.lang.Object)'> (0x00000006296e5db8) 
thrown [t:\workspace\open\src\hotspot\share\interpreter\linkResolver.cpp, line 766]
Event: 0.077 Thread 0x0000019135f5eb50 Exception <a 'java/lang/NoSuchMethodError'{0x00000006296f3bd8}: 'void java.lang.invoke.DirectMethodHandle$Holder.invokeStatic(java.lang.Object, java.lang.Object)'> (0x00000006296f3bd8) 
thrown [t:\workspace\open\src\hotspot\share\interpreter\linkResolver.cpp, line 766]
Event: 0.079 Thread 0x000001910877c7d0 Exception <a 'java/lang/ClassNotFoundException'{0x00000006296c3a78}: sun/awt/resources/spi/awtProvider> (0x00000006296c3a78) 
thrown [t:\workspace\open\src\hotspot\share\classfile\systemDictionary.cpp, line 256]
Event: 0.094 Thread 0x000001910877c7d0 Exception <a 'java/io/FileNotFoundException'{0x0000000629792aa8}> (0x0000000629792aa8) 
thrown [t:\workspace\open\src\hotspot\share\prims\jni.cpp, line 516]
Event: 0.100 Thread 0x000001910877c7d0 Exception <a 'java/io/FileNotFoundException'{0x00000006297bfd38}> (0x00000006297bfd38) 
thrown [t:\workspace\open\src\hotspot\share\prims\jni.cpp, line 516]
Event: 0.296 Thread 0x000001910877c7d0 Exception <a 'java/lang/NoSuchMethodError'{0x00000006290423c8}: 'void java.lang.invoke.DirectMethodHandle$Holder.invokeSpecial(java.lang.Object, java.lang.Object, java.lang.Object)'> (0x00000006290423c8) 
thrown [t:\workspace\open\src\hotspot\share\interpreter\linkResolver.cpp, line 766]
Event: 0.303 Thread 0x000001910877c7d0 Exception <a 'java/lang/NoSuchMethodError'{0x000000062906c410}: 'java.lang.Object java.lang.invoke.DirectMethodHandle$Holder.newInvokeSpecial(java.lang.Object, java.lang.Object, java.lang.Object, java.lang.Object, java.lang.Object)'> (0x000000062906c410) 
thrown [t:\workspace\open\src\hotspot\share\interpreter\linkResolver.cpp, line 766]
Event: 0.305 Thread 0x000001910877c7d0 Exception <a 'java/lang/NoSuchMethodError'{0x0000000629077dd8}: 'java.lang.Object java.lang.invoke.DirectMethodHandle$Holder.invokeStatic(java.lang.Object, int, java.lang.Object, java.lang.Object, java.lang.Object, java.lang.Object)'> (0x0000000629077dd8) 
thrown [t:\workspace\open\src\hotspot\share\interpreter\linkResolver.cpp, line 766]
Event: 0.308 Thread 0x000001910877c7d0 Exception <a 'java/lang/NoSuchMethodError'{0x0000000629118608}: 'java.lang.Object java.lang.invoke.DirectMethodHandle$Holder.invokeStatic(java.lang.Object, int, java.lang.Object)'> (0x0000000629118608) 
thrown [t:\workspace\open\src\hotspot\share\interpreter\linkResolver.cpp, line 766]
Event: 0.328 Thread 0x000001910877c7d0 Exception <a 'java/lang/ClassNotFoundException'{0x00000006291d0378}: com/sun/swing/internal/plaf/metal/resources/spi/metalProvider> (0x00000006291d0378) 
thrown [t:\workspace\open\src\hotspot\share\classfile\systemDictionary.cpp, line 256]
Event: 0.329 Thread 0x000001910877c7d0 Exception <a 'java/lang/ClassNotFoundException'{0x00000006291d3f28}: com/sun/swing/internal/plaf/basic/resources/spi/basicProvider> (0x00000006291d3f28) 
thrown [t:\workspace\open\src\hotspot\share\classfile\systemDictionary.cpp, line 256]
Event: 0.360 Thread 0x000001910877c7d0 Exception <a 'java/lang/NoSuchMethodError'{0x00000006292b3a70}: 'java.lang.Object java.lang.invoke.DirectMethodHandle$Holder.invokeStaticInit(java.lang.Object, int, int, int, int)'> (0x00000006292b3a70) 
thrown [t:\workspace\open\src\hotspot\share\interpreter\linkResolver.cpp, line 766]
Event: 0.394 Thread 0x000001910877c7d0 Exception <a 'java/lang/NoSuchMethodError'{0x0000000629357998}: 'java.lang.Object java.lang.invoke.DirectMethodHandle$Holder.invokeStaticInit(java.lang.Object, java.lang.Object, int, int, int, int)'> (0x0000000629357998) 
thrown [t:\workspace\open\src\hotspot\share\interpreter\linkResolver.cpp, line 766]
Event: 1.092 Thread 0x0000019136101fe0 Exception <a 'java/lang/NoSuchMethodError'{0x00000006278abb08}: 'void java.lang.invoke.DirectMethodHandle$Holder.invokeVirtual(java.lang.Object, java.lang.Object)'> (0x00000006278abb08) 
thrown [t:\workspace\open\src\hotspot\share\interpreter\linkResolver.cpp, line 766]
Event: 1.097 Thread 0x000001910877c7d0 Exception <a 'java/lang/NoSuchMethodError'{0x00000006278163a8}: 'void java.lang.invoke.DirectMethodHandle$Holder.invokeStaticInit(java.lang.Object)'> (0x00000006278163a8) 
thrown [t:\workspace\open\src\hotspot\share\interpreter\linkResolver.cpp, line 766]

VM Operations (20 events):
Event: 26.027 Executing VM operation: Cleanup
Event: 26.027 Executing VM operation: Cleanup done
Event: 30.055 Executing VM operation: Cleanup
Event: 30.055 Executing VM operation: Cleanup done
Event: 31.056 Executing VM operation: Cleanup
Event: 31.056 Executing VM operation: Cleanup done
Event: 32.059 Executing VM operation: Cleanup
Event: 32.059 Executing VM operation: Cleanup done
Event: 33.062 Executing VM operation: Cleanup
Event: 33.062 Executing VM operation: Cleanup done
Event: 34.075 Executing VM operation: Cleanup
Event: 34.076 Executing VM operation: Cleanup done
Event: 34.079 Executing VM operation: HandshakeAllThreads
Event: 34.079 Executing VM operation: HandshakeAllThreads done
Event: 34.080 Executing VM operation: HandshakeAllThreads
Event: 34.080 Executing VM operation: HandshakeAllThreads done
Event: 35.088 Executing VM operation: Cleanup
Event: 35.088 Executing VM operation: Cleanup done
Event: 39.132 Executing VM operation: Cleanup
Event: 39.132 Executing VM operation: Cleanup done

Events (20 events):
Event: 38.384 loading class sun/awt/AWTAccessor$MouseEventAccessor done
Event: 38.384 loading class java/awt/event/MouseEvent$1 done
Event: 38.385 loading class java/awt/Cursor$CursorDisposer
Event: 38.385 loading class java/awt/Cursor$CursorDisposer done
Event: 38.386 loading class java/awt/event/MouseWheelEvent
Event: 38.386 loading class java/awt/event/MouseWheelEvent done
Event: 39.408 Thread 0x0000019135f4bec0 Thread added: 0x0000019135f4bec0
Event: 39.408 Thread 0x0000019135f47b60 Thread added: 0x0000019135f47b60
Event: 39.408 Thread 0x0000019135f4b9f0 Thread added: 0x0000019135f4b9f0
Event: 39.408 Thread 0x0000019135f45e80 Thread added: 0x0000019135f45e80
Event: 39.408 Thread 0x0000019135f4bec0 Thread exited: 0x0000019135f4bec0
Event: 39.408 loading class java/util/WeakHashMap$KeyIterator
Event: 39.408 loading class sun/font/SunFontManager$8$1
Event: 39.408 loading class java/util/WeakHashMap$HashIterator
Event: 39.408 loading class sun/font/SunFontManager$8$1 done
Event: 39.408 loading class java/util/WeakHashMap$HashIterator done
Event: 39.408 loading class java/util/WeakHashMap$KeyIterator done
Event: 39.408 Thread 0x0000019135f47b60 Thread exited: 0x0000019135f47b60
Event: 39.409 Thread 0x0000019135f4b9f0 Thread exited: 0x0000019135f4b9f0
Event: 39.409 Thread 0x000001913d692c60 Thread exited: 0x000001913d692c60


Dynamic libraries:
0x00007ff677e60000 - 0x00007ff677e70000 	C:\Program Files\Java\jdk-17.0.2\bin\java.exe
0x00007ffbcf5b0000 - 0x00007ffbcf7c4000 	C:\WINDOWS\SYSTEM32\ntdll.dll
0x00007ffbcd960000 - 0x00007ffbcda24000 	C:\WINDOWS\System32\KERNEL32.DLL
0x00007ffbcce60000 - 0x00007ffbcd204000 	C:\WINDOWS\System32\KERNELBASE.dll
0x00007ffbccbf0000 - 0x00007ffbccd01000 	C:\WINDOWS\System32\ucrtbase.dll
0x00007ffbc0410000 - 0x00007ffbc0428000 	C:\Program Files\Java\jdk-17.0.2\bin\jli.dll
0x00007ffbcdaf0000 - 0x00007ffbcdba0000 	C:\WINDOWS\System32\ADVAPI32.dll
0x00007ffbc0300000 - 0x00007ffbc031a000 	C:\Program Files\Java\jdk-17.0.2\bin\VCRUNTIME140.dll
0x00007ffbcf080000 - 0x00007ffbcf127000 	C:\WINDOWS\System32\msvcrt.dll
0x00007ffbce5d0000 - 0x00007ffbce676000 	C:\WINDOWS\System32\sechost.dll
0x00007ffbcef60000 - 0x00007ffbcf077000 	C:\WINDOWS\System32\RPCRT4.dll
0x00007ffbcd4d0000 - 0x00007ffbcd67e000 	C:\WINDOWS\System32\USER32.dll
0x00007ffbccd90000 - 0x00007ffbccdb6000 	C:\WINDOWS\System32\win32u.dll
0x00007ffbbee50000 - 0x00007ffbbf0e3000 	C:\WINDOWS\WinSxS\amd64_microsoft.windows.common-controls_6595b64144ccf1df_6.0.22621.2215_none_270d72677387dfc3\COMCTL32.dll
0x00007ffbcea80000 - 0x00007ffbceaa9000 	C:\WINDOWS\System32\GDI32.dll
0x00007ffbcc960000 - 0x00007ffbcca78000 	C:\WINDOWS\System32\gdi32full.dll
0x00007ffbccdc0000 - 0x00007ffbcce5a000 	C:\WINDOWS\System32\msvcp_win.dll
0x00007ffbc4840000 - 0x00007ffbc484a000 	C:\WINDOWS\SYSTEM32\VERSION.dll
0x00007ffbcdab0000 - 0x00007ffbcdae1000 	C:\WINDOWS\System32\IMM32.DLL
0x00007ffbc4b20000 - 0x00007ffbc4b2c000 	C:\Program Files\Java\jdk-17.0.2\bin\vcruntime140_1.dll
0x00007ffbbfe80000 - 0x00007ffbbff0d000 	C:\Program Files\Java\jdk-17.0.2\bin\msvcp140.dll
0x00007ffb1a000000 - 0x00007ffb1abc1000 	C:\Program Files\Java\jdk-17.0.2\bin\server\jvm.dll
0x00007ffbcd340000 - 0x00007ffbcd348000 	C:\WINDOWS\System32\PSAPI.DLL
0x00007ffbc4410000 - 0x00007ffbc4444000 	C:\WINDOWS\SYSTEM32\WINMM.dll
0x00007ffb9c480000 - 0x00007ffb9c489000 	C:\WINDOWS\SYSTEM32\WSOCK32.dll
0x00007ffbce680000 - 0x00007ffbce6f1000 	C:\WINDOWS\System32\WS2_32.dll
0x00007ffbcb960000 - 0x00007ffbcb978000 	C:\WINDOWS\SYSTEM32\kernel.appcore.dll
0x00007ffbc45c0000 - 0x00007ffbc45ca000 	C:\Program Files\Java\jdk-17.0.2\bin\jimage.dll
0x00007ffbca3d0000 - 0x00007ffbca5fe000 	C:\WINDOWS\SYSTEM32\DBGHELP.DLL
0x00007ffbcf1e0000 - 0x00007ffbcf56a000 	C:\WINDOWS\System32\combase.dll
0x00007ffbce9a0000 - 0x00007ffbcea77000 	C:\WINDOWS\System32\OLEAUT32.dll
0x00007ffba8880000 - 0x00007ffba88b2000 	C:\WINDOWS\SYSTEM32\dbgcore.DLL
0x00007ffbccd10000 - 0x00007ffbccd8a000 	C:\WINDOWS\System32\bcryptPrimitives.dll
0x00007ffbc10d0000 - 0x00007ffbc10de000 	C:\Program Files\Java\jdk-17.0.2\bin\instrument.dll
0x00007ffbc0150000 - 0x00007ffbc0175000 	C:\Program Files\Java\jdk-17.0.2\bin\java.dll
0x00007ffba9470000 - 0x00007ffba9546000 	C:\Program Files\Java\jdk-17.0.2\bin\jsvml.dll
0x00007ffbcdcf0000 - 0x00007ffbce513000 	C:\WINDOWS\System32\SHELL32.dll
0x00007ffbca8f0000 - 0x00007ffbcb1da000 	C:\WINDOWS\SYSTEM32\windows.storage.dll
0x00007ffbca7b0000 - 0x00007ffbca8ee000 	C:\WINDOWS\SYSTEM32\wintypes.dll
0x00007ffbce700000 - 0x00007ffbce7f3000 	C:\WINDOWS\System32\SHCORE.dll
0x00007ffbcd460000 - 0x00007ffbcd4be000 	C:\WINDOWS\System32\shlwapi.dll
0x00007ffbcc890000 - 0x00007ffbcc8b6000 	C:\WINDOWS\SYSTEM32\profapi.dll
0x00007ffbbfe60000 - 0x00007ffbbfe78000 	C:\Program Files\Java\jdk-17.0.2\bin\zip.dll
0x00007ffbc0130000 - 0x00007ffbc0149000 	C:\Program Files\Java\jdk-17.0.2\bin\net.dll
0x00007ffbc42d0000 - 0x00007ffbc4407000 	C:\WINDOWS\SYSTEM32\WINHTTP.dll
0x00007ffbcbf20000 - 0x00007ffbcbf89000 	C:\WINDOWS\system32\mswsock.dll
0x00007ffbc0110000 - 0x00007ffbc0126000 	C:\Program Files\Java\jdk-17.0.2\bin\nio.dll
0x00007ffba4200000 - 0x00007ffba421a000 	C:\Program Files\JetBrains\IntelliJ IDEA Community Edition 2021.3.2\bin\breakgen64.dll
0x00007ffb54220000 - 0x00007ffb543af000 	C:\Program Files\Java\jdk-17.0.2\bin\awt.dll
0x00007ffbc9b00000 - 0x00007ffbc9b97000 	C:\WINDOWS\SYSTEM32\apphelp.dll
0x00007ffbc9fd0000 - 0x00007ffbc9ffb000 	C:\WINDOWS\system32\DWMAPI.DLL
0x00007ffbc9bc0000 - 0x00007ffbc9c6b000 	C:\WINDOWS\system32\uxtheme.dll
0x00007ffb90540000 - 0x00007ffb90640000 	C:\WINDOWS\system32\opengl32.dll
0x00007ffb9b5b0000 - 0x00007ffb9b5dd000 	C:\WINDOWS\SYSTEM32\GLU32.dll
0x00007ffbc9ca0000 - 0x00007ffbc9cd8000 	C:\WINDOWS\SYSTEM32\dxcore.dll
0x00007ffbcdba0000 - 0x00007ffbcdce9000 	C:\WINDOWS\System32\MSCTF.dll
0x00007ffbce800000 - 0x00007ffbce99e000 	C:\WINDOWS\System32\ole32.dll
0x00007ffbcc680000 - 0x00007ffbcc692000 	C:\WINDOWS\SYSTEM32\msasn1.dll
0x00007ffbc2d10000 - 0x00007ffbc2d42000 	C:\WINDOWS\SYSTEM32\cryptnet.dll
0x00007ffbcca80000 - 0x00007ffbccbe6000 	C:\WINDOWS\System32\CRYPT32.dll
0x00007ffbc2b00000 - 0x00007ffbc2c58000 	C:\WINDOWS\SYSTEM32\drvstore.dll
0x00007ffbcc600000 - 0x00007ffbcc62c000 	C:\WINDOWS\SYSTEM32\devobj.dll
0x00007ffbcc630000 - 0x00007ffbcc67e000 	C:\WINDOWS\SYSTEM32\cfgmgr32.dll
0x00007ffbcc220000 - 0x00007ffbcc26b000 	C:\WINDOWS\SYSTEM32\wldp.dll
0x00007ffbcc190000 - 0x00007ffbcc19c000 	C:\WINDOWS\SYSTEM32\cryptbase.dll
0x00007ffbcd210000 - 0x00007ffbcd27b000 	C:\WINDOWS\System32\WINTRUST.DLL
0x00007ffbcf1c0000 - 0x00007ffbcf1df000 	C:\WINDOWS\System32\imagehlp.dll
0x00007ffbcc170000 - 0x00007ffbcc18b000 	C:\WINDOWS\SYSTEM32\CRYPTSP.dll
0x00007ffbcb920000 - 0x00007ffbcb955000 	C:\WINDOWS\system32\rsaenh.dll
0x00007ffbcc310000 - 0x00007ffbcc338000 	C:\WINDOWS\SYSTEM32\bcrypt.dll
0x00007ffba4ea0000 - 0x00007ffba5171000 	C:\WINDOWS\system32\nvspcap64.dll
0x00007ffbcb9d0000 - 0x00007ffbcba04000 	C:\WINDOWS\SYSTEM32\ntmarta.dll
0x00007ffbcbfb0000 - 0x00007ffbcbfd6000 	C:\WINDOWS\SYSTEM32\gpapi.dll
0x00007ffbcc010000 - 0x00007ffbcc03c000 	C:\WINDOWS\SYSTEM32\USERENV.dll
0x00007ffbcb480000 - 0x00007ffbcb4ad000 	C:\WINDOWS\SYSTEM32\IPHLPAPI.DLL
0x00007ffbceab0000 - 0x00007ffbceab9000 	C:\WINDOWS\System32\NSI.dll
0x00007ffbc4740000 - 0x00007ffbc4759000 	C:\WINDOWS\SYSTEM32\dhcpcsvc6.DLL
0x00007ffbc3df0000 - 0x00007ffbc3e0f000 	C:\WINDOWS\SYSTEM32\dhcpcsvc.DLL
0x00007ffbcb4b0000 - 0x00007ffbcb5a2000 	C:\WINDOWS\SYSTEM32\DNSAPI.dll
0x00007ffb619d0000 - 0x00007ffb61a59000 	C:\Program Files\Java\jdk-17.0.2\bin\freetype.dll
0x00007ffb29170000 - 0x00007ffb29218000 	C:\Program Files\Java\jdk-17.0.2\bin\fontmanager.dll
0x00007ffbbe190000 - 0x00007ffbbe2d4000 	C:\WINDOWS\SYSTEM32\textinputframework.dll
0x00007ffbc9730000 - 0x00007ffbc9863000 	C:\WINDOWS\SYSTEM32\CoreMessaging.dll
0x00007ffbc6770000 - 0x00007ffbc6adc000 	C:\WINDOWS\SYSTEM32\CoreUIComponents.dll
0x00007ffba1ca0000 - 0x00007ffba1cb1000 	C:\Program Files\Java\jdk-17.0.2\bin\jsound.dll
0x00007ffba9030000 - 0x00007ffba90d2000 	C:\WINDOWS\SYSTEM32\DSOUND.dll
0x00007ffba4220000 - 0x00007ffba42d1000 	C:\WINDOWS\SYSTEM32\ResampleDmo.DLL
0x00007ffbcbe20000 - 0x00007ffbcbe6d000 	C:\WINDOWS\SYSTEM32\powrprof.dll
0x00007ffbb50a0000 - 0x00007ffbb50c9000 	C:\WINDOWS\SYSTEM32\winmmbase.dll
0x00007ffbc7970000 - 0x00007ffbc797b000 	C:\WINDOWS\SYSTEM32\msdmo.dll
0x00007ffbcbd20000 - 0x00007ffbcbd33000 	C:\WINDOWS\SYSTEM32\UMPDC.dll
0x00007ffbce520000 - 0x00007ffbce5d0000 	C:\WINDOWS\System32\clbcatq.dll
0x00007ffbbbeb0000 - 0x00007ffbbbf4d000 	C:\WINDOWS\System32\MMDevApi.dll
0x00007ffb922b0000 - 0x00007ffb922f6000 	C:\WINDOWS\SYSTEM32\wdmaud.drv
0x00007ffbc0d80000 - 0x00007ffbc0d89000 	C:\WINDOWS\SYSTEM32\ksuser.dll
0x00007ffbc6f30000 - 0x00007ffbc6f3b000 	C:\WINDOWS\SYSTEM32\AVRT.dll
0x00007ffbbe3b0000 - 0x00007ffbbe59c000 	C:\WINDOWS\SYSTEM32\AUDIOSES.DLL
0x00007ffbc0680000 - 0x00007ffbc068e000 	C:\WINDOWS\SYSTEM32\msacm32.drv
0x00007ffbc0660000 - 0x00007ffbc067e000 	C:\WINDOWS\SYSTEM32\MSACM32.dll
0x00007ffbc0400000 - 0x00007ffbc040b000 	C:\WINDOWS\SYSTEM32\midimap.dll
0x00007ffbca050000 - 0x00007ffbca065000 	C:\WINDOWS\SYSTEM32\resourcepolicyclient.dll
0x00007ffbbc570000 - 0x00007ffbbc6e4000 	C:\Windows\System32\Windows.UI.dll

dbghelp: loaded successfully - version: 4.0.5 - missing functions: none
symbol engine: initialized successfully - sym options: 0x614 - pdb path: .;C:\Program Files\Java\jdk-17.0.2\bin;C:\WINDOWS\SYSTEM32;C:\WINDOWS\WinSxS\amd64_microsoft.windows.common-controls_6595b64144ccf1df_6.0.22621.2215_none_270d72677387dfc3;C:\Program Files\Java\jdk-17.0.2\bin\server;C:\Program Files\JetBrains\IntelliJ IDEA Community Edition 2021.3.2\bin;C:\WINDOWS\System32\DriverStore\FileRepository\nvlti.inf_amd64_5c911457fe60d43e

VM Arguments:
jvm_args: -javaagent:C:\Program Files\JetBrains\IntelliJ IDEA Community Edition 2021.3.2\lib\idea_rt.jar=59118:C:\Program Files\JetBrains\IntelliJ IDEA Community Edition 2021.3.2\bin -Dfile.encoding=UTF-8 
java_command: root.Main
java_class_path (initial): C:\Users\adamg\Desktop\Java_learning\Verdant_Whisker\target\classes
Launcher Type: SUN_STANDARD

[Global flags]
     intx CICompilerCount                          = 12                                        {product} {ergonomic}
     uint ConcGCThreads                            = 3                                         {product} {ergonomic}
     uint G1ConcRefinementThreads                  = 13                                        {product} {ergonomic}
   size_t G1HeapRegionSize                         = 4194304                                   {product} {ergonomic}
    uintx GCDrainStackTargetSize                   = 64                                        {product} {ergonomic}
   size_t InitialHeapSize                          = 528482304                                 {product} {ergonomic}
   size_t MarkStackSize                            = 4194304                                   {product} {ergonomic}
   size_t MaxHeapSize                              = 8422162432                                {product} {ergonomic}
   size_t MaxNewSize                               = 5049942016                                {product} {ergonomic}
   size_t MinHeapDeltaBytes                        = 4194304                                   {product} {ergonomic}
   size_t MinHeapSize                              = 8388608                                   {product} {ergonomic}
    uintx NonNMethodCodeHeapSize                   = 7602480                                {pd product} {ergonomic}
    uintx NonProfiledCodeHeapSize                  = 122027880                              {pd product} {ergonomic}
    uintx ProfiledCodeHeapSize                     = 122027880                              {pd product} {ergonomic}
    uintx ReservedCodeCacheSize                    = 251658240                              {pd product} {ergonomic}
     bool SegmentedCodeCache                       = true                                      {product} {ergonomic}
   size_t SoftMaxHeapSize                          = 8422162432                             {manageable} {ergonomic}
     bool UseCompressedClassPointers               = true                           {product lp64_product} {ergonomic}
     bool UseCompressedOops                        = true                           {product lp64_product} {ergonomic}
     bool UseG1GC                                  = true                                      {product} {ergonomic}
     bool UseLargePagesIndividualAllocation        = false                                  {pd product} {ergonomic}

Logging:
Log output configuration:
 #0: stdout all=warning uptime,level,tags
 #1: stderr all=off uptime,level,tags

Environment Variables:
JAVA_HOME=C:\Program Files\Java\jdk1.8.0_321
PATH=C:\Program Files\Common Files\Oracle\Java\javapath;C:\Program Files (x86)\Common Files\Oracle\Java\javapath;C:\Program Files (x86)\Razer Chroma SDK\bin;C:\Program Files\Razer Chroma SDK\bin;C:\Program Files (x86)\Razer\ChromaBroadcast\bin;C:\Program Files\Razer\ChromaBroadcast\bin;C:\ProgramData\Oracle\Java\javapath;C:\Windows\system32;C:\Windows;C:\Windows\System32\Wbem;C:\Windows\System32\WindowsPowerShell\v1.0\;C:\Windows\System32\OpenSSH\;C:\Program Files\Microsoft SQL Server\Client SDK\ODBC\110\Tools\Binn\;C:\Program Files (x86)\Microsoft SQL Server\120\Tools\Binn\;C:\Program Files\Microsoft SQL Server\120\Tools\Binn\;C:\Program Files\Microsoft SQL Server\120\DTS\Binn\;C:\Program Files (x86)\Windows Kits\8.1\Windows Performance Toolkit\;C:\WINDOWS\system32;C:\WINDOWS;C:\WINDOWS\System32\Wbem;C:\WINDOWS\System32\WindowsPowerShell\v1.0\;C:\WINDOWS\System32\OpenSSH\;C:\WINDOWS\system32\config\systemprofile\AppData\Local\Microsoft\WindowsApps;C:\Program Files\Git\cmd;C:\Program Files\dotnet\;C:\Program Files\GitHub CLI\;C:\Program Files\Java\jdk1.8.0_321\bin;C:\Program Files\Java\jdk-17.0.2\bin;;C:\WINDOWS\system32;C:\WINDOWS;C:\WINDOWS\System32\Wbem;C:\WINDOWS\System32\WindowsPowerShell\v1.0\;C:\WINDOWS\System32\OpenSSH\;C:\Program Files (x86)\NVIDIA Corporation\PhysX\Common;C:\Program Files\NVIDIA Corporation\NVIDIA NvDLISR;C:\Program Files\MySQL\MySQL Shell 8.0\bin\;C:\Users\adamg\AppData\Local\Programs\Python\Python37\Scripts\;C:\Users\adamg\AppData\Local\Programs\Python\Python37\;C:\Users\adamg\AppData\Local\Microsoft\WindowsApps;C:\Users\adamg\AppData\Local\Programs\Microsoft VS Code\bin;C:\Users\adamg\AppData\Local\GitHubDesktop\bin;C:\Users\adamg\.dotnet\tools;C:\Users\adamg\AppData\Local\gitkraken\bin
USERNAME=adamg
OS=Windows_NT
PROCESSOR_IDENTIFIER=AMD64 Family 23 Model 96 Stepping 1, AuthenticAMD



---------------  S Y S T E M  ---------------

OS:
 Windows 11 , 64 bit Build 22621 (10.0.22621.2215)
OS uptime: 24 days 0:20 hours

CPU: total 16 (initial active 16) (16 cores per cpu, 2 threads per core) family 23 model 96 stepping 1 microcode 0x0, cx8, cmov, fxsr, ht, mmx, 3dnowpref, sse, sse2, sse3, ssse3, sse4a, sse4.1, sse4.2, popcnt, lzcnt, tsc, tscinvbit, avx, avx2, aes, clmul, bmi1, bmi2, adx, sha, fma, vzeroupper, clflush, clflushopt

Memory: 4k page, system-wide physical 32125M (17989M free)
TotalPageFile size 34173M (AvailPageFile size 13460M)
current process WorkingSet (physical memory assigned to process): 171M, peak: 206M
current process commit charge ("private bytes"): 683M, peak: 725M

vm_info: Java HotSpot(TM) 64-Bit Server VM (17.0.2+8-LTS-86) for windows-amd64 JRE (17.0.2+8-LTS-86), built on Dec  7 2021 21:51:03 by "mach5one" with MS VC++ 16.8 / 16.9 (VS2019)

END.
